{
  "stats": {
    "suites": 1,
    "tests": 1,
    "passes": 1,
    "pending": 0,
    "failures": 0,
    "start": "2023-02-16T09:41:16.471Z",
    "end": "2023-02-16T09:41:17.222Z",
    "duration": 751,
    "testsRegistered": 1,
    "passPercent": 100,
    "pendingPercent": 0,
    "other": 0,
    "hasOther": false,
    "skipped": 0,
    "hasSkipped": false
  },
  "results": [
    {
      "uuid": "9dfb85ac-7f75-4f8d-92ff-f20223d683ff",
      "title": "",
      "fullFile": "cypress/e2e/histogram.cy.ts",
      "file": "cypress/e2e/histogram.cy.ts",
      "beforeHooks": [],
      "afterHooks": [],
      "tests": [],
      "suites": [
        {
          "uuid": "6e067d36-5ccc-40b3-89b7-3f47a67faa88",
          "title": "HISTOGRAM CANVAS",
          "fullFile": "",
          "file": "",
          "beforeHooks": [],
          "afterHooks": [],
          "tests": [
            {
              "title": "Unchanged raw canvas",
              "fullTitle": "HISTOGRAM CANVAS Unchanged raw canvas",
              "timedOut": null,
              "duration": 728,
              "state": "passed",
              "speed": "fast",
              "pass": true,
              "fail": false,
              "pending": false,
              "context": null,
              "code": "cy.compareSnapshot(fileName + \".raw\", 0.0);",
              "err": {},
              "uuid": "62992f6f-8173-46c5-a148-21b4f8c2dfe3",
              "parentUUID": "6e067d36-5ccc-40b3-89b7-3f47a67faa88",
              "isHook": false,
              "skipped": false
            }
          ],
          "suites": [],
          "passes": [
            "62992f6f-8173-46c5-a148-21b4f8c2dfe3"
          ],
          "failures": [],
          "pending": [],
          "skipped": [],
          "duration": 728,
          "root": false,
          "rootEmpty": false,
          "_timeout": 2000
        }
      ],
      "passes": [],
      "failures": [],
      "pending": [],
      "skipped": [],
      "duration": 0,
      "root": true,
      "rootEmpty": true,
      "_timeout": 2000
    }
  ],
  "meta": {
    "mocha": {
      "version": "7.0.1"
    },
    "mochawesome": {
      "options": {
        "quiet": false,
        "reportFilename": "mochawesome",
        "saveHtml": true,
        "saveJson": true,
        "consoleReporter": "spec",
        "useInlineDiffs": false,
        "code": true
      },
      "version": "7.1.3"
    },
    "marge": {
      "options": {
        "reportDir": "cypress/results",
        "overwrite": false,
        "html": true,
        "json": true
      },
      "version": "6.2.0"
    }
  }
}