{
  "stats": {
    "suites": 1,
    "tests": 1,
    "passes": 1,
    "pending": 0,
    "failures": 0,
    "start": "2023-02-17T10:38:48.608Z",
    "end": "2023-02-17T10:38:49.142Z",
    "duration": 534,
    "testsRegistered": 1,
    "passPercent": 100,
    "pendingPercent": 0,
    "other": 0,
    "hasOther": false,
    "skipped": 0,
    "hasSkipped": false
  },
  "results": [
    {
      "uuid": "2c177e73-89fb-49e7-949c-96c401e14837",
      "title": "",
      "fullFile": "cypress/e2e/graph2d.cy.ts",
      "file": "cypress/e2e/graph2d.cy.ts",
      "beforeHooks": [],
      "afterHooks": [],
      "tests": [],
      "suites": [
        {
          "uuid": "f73a41a3-ba6e-44d2-99aa-98e60714fc2a",
          "title": "GRAPH2D CANVAS",
          "fullFile": "",
          "file": "",
          "beforeHooks": [],
          "afterHooks": [],
          "tests": [
            {
              "title": "Unchanged raw canvas",
              "fullTitle": "GRAPH2D CANVAS Unchanged raw canvas",
              "timedOut": null,
              "duration": 523,
              "state": "passed",
              "speed": "fast",
              "pass": true,
              "fail": false,
              "pending": false,
              "context": null,
              "code": "cy.compareSnapshot(fileName + \".raw\", 0.0);",
              "err": {},
              "uuid": "e94a4215-28b4-42f8-adc4-620468c15f08",
              "parentUUID": "f73a41a3-ba6e-44d2-99aa-98e60714fc2a",
              "isHook": false,
              "skipped": false
            }
          ],
          "suites": [],
          "passes": [
            "e94a4215-28b4-42f8-adc4-620468c15f08"
          ],
          "failures": [],
          "pending": [],
          "skipped": [],
          "duration": 523,
          "root": false,
          "rootEmpty": false,
          "_timeout": 2000
        }
      ],
      "passes": [],
      "failures": [],
      "pending": [],
      "skipped": [],
      "duration": 0,
      "root": true,
      "rootEmpty": true,
      "_timeout": 2000
    }
  ],
  "meta": {
    "mocha": {
      "version": "7.0.1"
    },
    "mochawesome": {
      "options": {
        "quiet": false,
        "reportFilename": "mochawesome",
        "saveHtml": true,
        "saveJson": true,
        "consoleReporter": "spec",
        "useInlineDiffs": false,
        "code": true
      },
      "version": "7.1.3"
    },
    "marge": {
      "options": {
        "reportDir": "cypress/results",
        "overwrite": false,
        "html": true,
        "json": true
      },
      "version": "6.2.0"
    }
  }
}