{
  "stats": {
    "suites": 1,
    "tests": 1,
    "passes": 0,
    "pending": 0,
    "failures": 1,
    "start": "2023-02-16T09:41:46.754Z",
    "end": "2023-02-16T09:41:50.968Z",
    "duration": 4214,
    "testsRegistered": 1,
    "passPercent": 0,
    "pendingPercent": 0,
    "other": 0,
    "hasOther": false,
    "skipped": 0,
    "hasSkipped": false
  },
  "results": [
    {
      "uuid": "5a6f7f56-a5d4-450f-981b-a46d9bab53f0",
      "title": "",
      "fullFile": "cypress/e2e/primitivegroupcontainer.cy.ts",
      "file": "cypress/e2e/primitivegroupcontainer.cy.ts",
      "beforeHooks": [],
      "afterHooks": [],
      "tests": [],
      "suites": [
        {
          "uuid": "89413303-fc49-45eb-8d9a-1cab8522c1ef",
          "title": "primitivegroupcontainer spec",
          "fullFile": "",
          "file": "",
          "beforeHooks": [],
          "afterHooks": [],
          "tests": [
            {
              "title": "should be the same image as from snapshots/base",
              "fullTitle": "primitivegroupcontainer spec should be the same image as from snapshots/base",
              "timedOut": null,
              "duration": 4163,
              "state": "failed",
              "speed": null,
              "pass": false,
              "fail": true,
              "pending": false,
              "context": null,
              "code": "Object(_support_htmlSnapshotsDiff__WEBPACK_IMPORTED_MODULE_0__[\"htmlSnapshotsDiff\"])(fileName);",
              "err": {
                "message": "AssertionError: Timed out retrying after 4000ms: `cy.readFile(\"./cypress/templates/primitivegroupcontainer.template.html\")` failed because the file does not exist at the following path:\n\n`/home/louzoun/Documents/git/plot_data/cypress/templates/primitivegroupcontainer.template.html`\n\nhttps://on.cypress.io/readfile",
                "estack": "AssertionError: Timed out retrying after 4000ms: `cy.readFile(\"./cypress/templates/primitivegroupcontainer.template.html\")` failed because the file does not exist at the following path:\n\n`/home/louzoun/Documents/git/plot_data/cypress/templates/primitivegroupcontainer.template.html`\n\nhttps://on.cypress.io/readfile\n    at parseHTML (webpack:///./cypress/support/parseHTML.ts:6:5)\n    at htmlSnapshotsDiff (webpack:///./cypress/support/htmlSnapshotsDiff.ts:6:14)\n    at Context.eval (webpack:///./cypress/e2e/primitivegroupcontainer.cy.ts:7:22)",
                "diff": null
              },
              "uuid": "ddcf1795-a48e-4f83-a16c-ff5acc08ecee",
              "parentUUID": "89413303-fc49-45eb-8d9a-1cab8522c1ef",
              "isHook": false,
              "skipped": false
            }
          ],
          "suites": [],
          "passes": [],
          "failures": [
            "ddcf1795-a48e-4f83-a16c-ff5acc08ecee"
          ],
          "pending": [],
          "skipped": [],
          "duration": 4163,
          "root": false,
          "rootEmpty": false,
          "_timeout": 2000
        }
      ],
      "passes": [],
      "failures": [],
      "pending": [],
      "skipped": [],
      "duration": 0,
      "root": true,
      "rootEmpty": true,
      "_timeout": 2000
    }
  ],
  "meta": {
    "mocha": {
      "version": "7.0.1"
    },
    "mochawesome": {
      "options": {
        "quiet": false,
        "reportFilename": "mochawesome",
        "saveHtml": true,
        "saveJson": true,
        "consoleReporter": "spec",
        "useInlineDiffs": false,
        "code": true
      },
      "version": "7.1.3"
    },
    "marge": {
      "options": {
        "reportDir": "cypress/results",
        "overwrite": false,
        "html": true,
        "json": true
      },
      "version": "6.2.0"
    }
  }
}