{
  "stats": {
    "suites": 1,
    "tests": 1,
    "passes": 0,
    "pending": 0,
    "failures": 1,
    "start": "2023-02-15T12:15:44.760Z",
    "end": "2023-02-15T12:15:48.922Z",
    "duration": 4162,
    "testsRegistered": 1,
    "passPercent": 0,
    "pendingPercent": 0,
    "other": 0,
    "hasOther": false,
    "skipped": 0,
    "hasSkipped": false
  },
  "results": [
    {
      "uuid": "76d0b038-d4b2-44bf-b422-62b8c8931277",
      "title": "",
      "fullFile": "cypress/e2e/primitivegroup.cy.ts",
      "file": "cypress/e2e/primitivegroup.cy.ts",
      "beforeHooks": [],
      "afterHooks": [],
      "tests": [],
      "suites": [
        {
          "uuid": "4f7e0002-de18-4629-a635-26edbad09462",
          "title": "primitivegroup spec",
          "fullFile": "",
          "file": "",
          "beforeHooks": [],
          "afterHooks": [],
          "tests": [
            {
              "title": "should be the same image as from snapshots/base",
              "fullTitle": "primitivegroup spec should be the same image as from snapshots/base",
              "timedOut": null,
              "duration": 4134,
              "state": "failed",
              "speed": null,
              "pass": false,
              "fail": true,
              "pending": false,
              "context": null,
              "code": "Object(_support_htmlSnapshotsDiff__WEBPACK_IMPORTED_MODULE_0__[\"htmlSnapshotsDiff\"])(fileName);",
              "err": {
                "message": "AssertionError: Timed out retrying after 4000ms: `cy.readFile(\"./cypress/templates/primitivegroup.template.html\")` failed because the file does not exist at the following path:\n\n`/home/tanguy/Documents/Codes/plot_data/cypress/templates/primitivegroup.template.html`\n\nhttps://on.cypress.io/readfile",
                "estack": "AssertionError: Timed out retrying after 4000ms: `cy.readFile(\"./cypress/templates/primitivegroup.template.html\")` failed because the file does not exist at the following path:\n\n`/home/tanguy/Documents/Codes/plot_data/cypress/templates/primitivegroup.template.html`\n\nhttps://on.cypress.io/readfile\n    at parseHTML (webpack:///./cypress/support/parseHTML.ts:6:5)\n    at htmlSnapshotsDiff (webpack:///./cypress/support/htmlSnapshotsDiff.ts:6:14)\n    at Context.eval (webpack:///./cypress/e2e/primitivegroup.cy.ts:7:22)",
                "diff": null
              },
              "uuid": "98f79a48-a633-4515-9786-3a9d2f455683",
              "parentUUID": "4f7e0002-de18-4629-a635-26edbad09462",
              "isHook": false,
              "skipped": false
            }
          ],
          "suites": [],
          "passes": [],
          "failures": [
            "98f79a48-a633-4515-9786-3a9d2f455683"
          ],
          "pending": [],
          "skipped": [],
          "duration": 4134,
          "root": false,
          "rootEmpty": false,
          "_timeout": 2000
        }
      ],
      "passes": [],
      "failures": [],
      "pending": [],
      "skipped": [],
      "duration": 0,
      "root": true,
      "rootEmpty": true,
      "_timeout": 2000
    }
  ],
  "meta": {
    "mocha": {
      "version": "7.0.1"
    },
    "mochawesome": {
      "options": {
        "quiet": false,
        "reportFilename": "mochawesome",
        "saveHtml": false,
        "saveJson": true,
        "consoleReporter": "spec",
        "useInlineDiffs": false,
        "code": true
      },
      "version": "7.1.3"
    },
    "marge": {
      "options": {
        "reportDir": "cypress/results",
        "overwrite": false,
        "html": false,
        "json": true
      },
      "version": "6.2.0"
    }
  }
}