{
  "stats": {
    "suites": 1,
    "tests": 4,
    "passes": 4,
    "pending": 0,
    "failures": 0,
    "start": "2023-02-17T10:08:35.408Z",
    "end": "2023-02-17T10:08:40.413Z",
    "duration": 5005,
    "testsRegistered": 4,
    "passPercent": 100,
    "pendingPercent": 0,
    "other": 0,
    "hasOther": false,
    "skipped": 0,
    "hasSkipped": false
  },
  "results": [
    {
      "uuid": "e413a9db-9aa5-46e6-8e20-c00beb9293e1",
      "title": "",
      "fullFile": "cypress/e2e/multiplot.cy.ts",
      "file": "cypress/e2e/multiplot.cy.ts",
      "beforeHooks": [],
      "afterHooks": [],
      "tests": [],
      "suites": [
        {
          "uuid": "1a25b579-88fc-4101-b15d-ec2137931b7b",
          "title": "MULTIPLOT CANVAS",
          "fullFile": "",
          "file": "",
          "beforeHooks": [],
          "afterHooks": [],
          "tests": [
            {
              "title": "should draw the canvas",
              "fullTitle": "MULTIPLOT CANVAS should draw the canvas",
              "timedOut": null,
              "duration": 511,
              "state": "passed",
              "speed": "fast",
              "pass": true,
              "fail": false,
              "pending": false,
              "context": null,
              "code": "cy.compareSnapshot(fileName + \".raw\", 0.0);",
              "err": {},
              "uuid": "87785155-623f-42e7-a044-f6fa0ec040ef",
              "parentUUID": "1a25b579-88fc-4101-b15d-ec2137931b7b",
              "isHook": false,
              "skipped": false
            },
            {
              "title": "should remove primitive group from container in multiplot",
              "fullTitle": "MULTIPLOT CANVAS should remove primitive group from container in multiplot",
              "timedOut": null,
              "duration": 450,
              "state": "passed",
              "speed": "fast",
              "pass": true,
              "fail": false,
              "pending": false,
              "context": null,
              "code": "cy.window().then((win) => {\n    win.eval('multiplot').remove_all_primitive_groups_from_container(6);\n    cy.compareSnapshot(fileName + \".remove_primitive_group\", 0.0);\n});",
              "err": {},
              "uuid": "ef999ea6-184d-42c1-9881-1f808f1cd9c9",
              "parentUUID": "1a25b579-88fc-4101-b15d-ec2137931b7b",
              "isHook": false,
              "skipped": false
            },
            {
              "title": "should add primitive group container in multiplot",
              "fullTitle": "MULTIPLOT CANVAS should add primitive group container in multiplot",
              "timedOut": null,
              "duration": 498,
              "state": "passed",
              "speed": "fast",
              "pass": true,
              "fail": false,
              "pending": false,
              "context": null,
              "code": "cy.window().its('multiplot').then((multiplot) => {\n    multiplot.add_primitive_group_container(_data_src_primitivegroupcontainer_data_json__WEBPACK_IMPORTED_MODULE_2__, [], null);\n    cy.wrap('multiplot').as('multiplot');\n    cy.compareSnapshot(fileName + \".add_primitive_group\", 0.0);\n});",
              "err": {},
              "uuid": "270a2e4e-578a-4087-b7b1-9ae07746005c",
              "parentUUID": "1a25b579-88fc-4101-b15d-ec2137931b7b",
              "isHook": false,
              "skipped": false
            },
            {
              "title": "should reorder all plots in canvas",
              "fullTitle": "MULTIPLOT CANVAS should reorder all plots in canvas",
              "timedOut": null,
              "duration": 3518,
              "state": "passed",
              "speed": "fast",
              "pass": true,
              "fail": false,
              "pending": false,
              "context": null,
              "code": "cy.window().then((win) => {\n    let multiplot = win.eval('multiplot');\n    multiplot.add_primitive_group_container(_data_src_primitivegroupcontainer_data_json__WEBPACK_IMPORTED_MODULE_2__, [], null);\n    cy.wait(500);\n    multiplot.click_on_view_action();\n    cy.wait(2000);\n    multiplot.click_on_view_action();\n    cy.wait(500);\n    cy.compareSnapshot(fileName + \".reordered_plots\", 0.0);\n});",
              "err": {},
              "uuid": "8a8e4ec4-eae3-4877-96b8-6c33a1336f92",
              "parentUUID": "1a25b579-88fc-4101-b15d-ec2137931b7b",
              "isHook": false,
              "skipped": false
            }
          ],
          "suites": [],
          "passes": [
            "87785155-623f-42e7-a044-f6fa0ec040ef",
            "ef999ea6-184d-42c1-9881-1f808f1cd9c9",
            "270a2e4e-578a-4087-b7b1-9ae07746005c",
            "8a8e4ec4-eae3-4877-96b8-6c33a1336f92"
          ],
          "failures": [],
          "pending": [],
          "skipped": [],
          "duration": 4977,
          "root": false,
          "rootEmpty": false,
          "_timeout": 2000
        }
      ],
      "passes": [],
      "failures": [],
      "pending": [],
      "skipped": [],
      "duration": 0,
      "root": true,
      "rootEmpty": true,
      "_timeout": 2000
    }
  ],
  "meta": {
    "mocha": {
      "version": "7.0.1"
    },
    "mochawesome": {
      "options": {
        "quiet": false,
        "reportFilename": "mochawesome",
        "saveHtml": true,
        "saveJson": true,
        "consoleReporter": "spec",
        "useInlineDiffs": false,
        "code": true
      },
      "version": "7.1.3"
    },
    "marge": {
      "options": {
        "reportDir": "cypress/results",
        "overwrite": false,
        "html": true,
        "json": true
      },
      "version": "6.2.0"
    }
  }
}