{
  "stats": {
    "suites": 2,
    "tests": 4,
    "passes": 4,
    "pending": 0,
    "failures": 0,
    "start": "2023-02-17T10:38:56.266Z",
    "end": "2023-02-17T10:39:01.690Z",
    "duration": 5424,
    "testsRegistered": 4,
    "passPercent": 100,
    "pendingPercent": 0,
    "other": 0,
    "hasOther": false,
    "skipped": 0,
    "hasSkipped": false
  },
  "results": [
    {
      "uuid": "5289fd64-c848-4305-885a-9da120291b24",
      "title": "",
      "fullFile": "cypress/e2e/multiplot.cy.ts",
      "file": "cypress/e2e/multiplot.cy.ts",
      "beforeHooks": [],
      "afterHooks": [],
      "tests": [],
      "suites": [
        {
          "uuid": "00d09ec4-4998-4f34-b5d3-6deab44a3d64",
          "title": "MULTIPLOT TESTS",
          "fullFile": "",
          "file": "",
          "beforeHooks": [],
          "afterHooks": [],
          "tests": [],
          "suites": [
            {
              "uuid": "41e2223b-da78-466d-b570-d53d0c0475ee",
              "title": "MULTIPLOT VISUAL REGRESSION CANVAS",
              "fullFile": "",
              "file": "",
              "beforeHooks": [],
              "afterHooks": [],
              "tests": [
                {
                  "title": "should draw the canvas",
                  "fullTitle": "MULTIPLOT TESTS MULTIPLOT VISUAL REGRESSION CANVAS should draw the canvas",
                  "timedOut": null,
                  "duration": 559,
                  "state": "passed",
                  "speed": "fast",
                  "pass": true,
                  "fail": false,
                  "pending": false,
                  "context": null,
                  "code": "cy.compareSnapshot(fileName + \".raw\", 0.0);",
                  "err": {},
                  "uuid": "6cde7b12-eafb-4fe9-acc9-d9c0ac2b7e2c",
                  "parentUUID": "41e2223b-da78-466d-b570-d53d0c0475ee",
                  "isHook": false,
                  "skipped": false
                },
                {
                  "title": "should remove primitive group from container in multiplot",
                  "fullTitle": "MULTIPLOT TESTS MULTIPLOT VISUAL REGRESSION CANVAS should remove primitive group from container in multiplot",
                  "timedOut": null,
                  "duration": 603,
                  "state": "passed",
                  "speed": "fast",
                  "pass": true,
                  "fail": false,
                  "pending": false,
                  "context": null,
                  "code": "cy.window().then((win) => {\n    win.eval('multiplot').remove_all_primitive_groups_from_container(6);\n    cy.compareSnapshot(fileName + \".remove_primitive_group\", 0.0);\n});",
                  "err": {},
                  "uuid": "17624224-373d-4051-9c70-4727be7ca2f6",
                  "parentUUID": "41e2223b-da78-466d-b570-d53d0c0475ee",
                  "isHook": false,
                  "skipped": false
                },
                {
                  "title": "should add primitive group container in multiplot",
                  "fullTitle": "MULTIPLOT TESTS MULTIPLOT VISUAL REGRESSION CANVAS should add primitive group container in multiplot",
                  "timedOut": null,
                  "duration": 569,
                  "state": "passed",
                  "speed": "fast",
                  "pass": true,
                  "fail": false,
                  "pending": false,
                  "context": null,
                  "code": "cy.window().its('multiplot').then((multiplot) => {\n    multiplot.add_primitive_group_container(_data_src_primitivegroupcontainer_data_json__WEBPACK_IMPORTED_MODULE_2__, [], null);\n    cy.wrap('multiplot').as('multiplot');\n    cy.compareSnapshot(fileName + \".add_primitive_group\", 0.0);\n});",
                  "err": {},
                  "uuid": "69fca310-6dd2-45f9-9654-845bf2d9c3ba",
                  "parentUUID": "41e2223b-da78-466d-b570-d53d0c0475ee",
                  "isHook": false,
                  "skipped": false
                },
                {
                  "title": "should reorder all plots in canvas",
                  "fullTitle": "MULTIPLOT TESTS MULTIPLOT VISUAL REGRESSION CANVAS should reorder all plots in canvas",
                  "timedOut": null,
                  "duration": 3645,
                  "state": "passed",
                  "speed": "fast",
                  "pass": true,
                  "fail": false,
                  "pending": false,
                  "context": null,
                  "code": "cy.window().then((win) => {\n    let multiplot = win.eval('multiplot');\n    multiplot.add_primitive_group_container(_data_src_primitivegroupcontainer_data_json__WEBPACK_IMPORTED_MODULE_2__, [], null);\n    cy.wait(500);\n    multiplot.click_on_view_action();\n    cy.wait(2000);\n    multiplot.click_on_view_action();\n    cy.wait(500);\n    cy.compareSnapshot(fileName + \".reordered_plots\", 0.0);\n});",
                  "err": {},
                  "uuid": "ccf31f93-811c-47f9-bccb-aabb813bbbc6",
                  "parentUUID": "41e2223b-da78-466d-b570-d53d0c0475ee",
                  "isHook": false,
                  "skipped": false
                }
              ],
              "suites": [],
              "passes": [
                "6cde7b12-eafb-4fe9-acc9-d9c0ac2b7e2c",
                "17624224-373d-4051-9c70-4727be7ca2f6",
                "69fca310-6dd2-45f9-9654-845bf2d9c3ba",
                "ccf31f93-811c-47f9-bccb-aabb813bbbc6"
              ],
              "failures": [],
              "pending": [],
              "skipped": [],
              "duration": 5376,
              "root": false,
              "rootEmpty": false,
              "_timeout": 2000
            }
          ],
          "passes": [],
          "failures": [],
          "pending": [],
          "skipped": [],
          "duration": 0,
          "root": false,
          "rootEmpty": false,
          "_timeout": 2000
        }
      ],
      "passes": [],
      "failures": [],
      "pending": [],
      "skipped": [],
      "duration": 0,
      "root": true,
      "rootEmpty": true,
      "_timeout": 2000
    }
  ],
  "meta": {
    "mocha": {
      "version": "7.0.1"
    },
    "mochawesome": {
      "options": {
        "quiet": false,
        "reportFilename": "mochawesome",
        "saveHtml": true,
        "saveJson": true,
        "consoleReporter": "spec",
        "useInlineDiffs": false,
        "code": true
      },
      "version": "7.1.3"
    },
    "marge": {
      "options": {
        "reportDir": "cypress/results",
        "overwrite": false,
        "html": true,
        "json": true
      },
      "version": "6.2.0"
    }
  }
}