{
  "stats": {
    "suites": 1,
    "tests": 1,
    "passes": 0,
    "pending": 0,
    "failures": 1,
    "start": "2023-02-15T12:15:41.765Z",
    "end": "2023-02-15T12:15:42.498Z",
    "duration": 733,
    "testsRegistered": 1,
    "passPercent": 0,
    "pendingPercent": 0,
    "other": 0,
    "hasOther": false,
    "skipped": 0,
    "hasSkipped": false
  },
  "results": [
    {
      "uuid": "467d561b-0a91-4abe-9873-a89f3c7f332f",
      "title": "",
      "fullFile": "cypress/e2e/plotscatter.cy.ts",
      "file": "cypress/e2e/plotscatter.cy.ts",
      "beforeHooks": [],
      "afterHooks": [],
      "tests": [],
      "suites": [
        {
          "uuid": "cb5cf24f-5855-41f8-a701-1d8c93c424c6",
          "title": "PLOT SCATTER CANVAS",
          "fullFile": "",
          "file": "",
          "beforeHooks": [],
          "afterHooks": [],
          "tests": [
            {
              "title": "Unchanged raw canvas",
              "fullTitle": "PLOT SCATTER CANVAS Unchanged raw canvas",
              "timedOut": null,
              "duration": 717,
              "state": "failed",
              "speed": null,
              "pass": false,
              "fail": true,
              "pending": false,
              "context": null,
              "code": "cy.compareSnapshot(fileName + \".raw\", 0.0);",
              "err": {
                "message": "Error: Snapshot /home/tanguy/Documents/Codes/plot_data/cypress/snapshots/base/plotscatter.cy.ts/plotscatter.raw-base.png does not exist.",
                "estack": "Error: Snapshot /home/tanguy/Documents/Codes/plot_data/cypress/snapshots/base/plotscatter.cy.ts/plotscatter.raw-base.png does not exist.\n    at <unknown> (/home/tanguy/Documents/Codes/plot_data/node_modules/cypress-visual-regression/dist/utils.js:62:14)\n    at new Promise (<anonymous>)\n    at parseImage (/home/tanguy/Documents/Codes/plot_data/node_modules/cypress-visual-regression/dist/utils.js:60:10)\n    at compareSnapshotsPlugin (/home/tanguy/Documents/Codes/plot_data/node_modules/cypress-visual-regression/dist/plugin.js:83:31)\n    at processTicksAndRejections (node:internal/process/task_queues:96:5)",
                "diff": null
              },
              "uuid": "ab8c23b6-f5b4-4c06-9a96-80f3080f06c9",
              "parentUUID": "cb5cf24f-5855-41f8-a701-1d8c93c424c6",
              "isHook": false,
              "skipped": false
            }
          ],
          "suites": [],
          "passes": [],
          "failures": [
            "ab8c23b6-f5b4-4c06-9a96-80f3080f06c9"
          ],
          "pending": [],
          "skipped": [],
          "duration": 717,
          "root": false,
          "rootEmpty": false,
          "_timeout": 2000
        }
      ],
      "passes": [],
      "failures": [],
      "pending": [],
      "skipped": [],
      "duration": 0,
      "root": true,
      "rootEmpty": true,
      "_timeout": 2000
    }
  ],
  "meta": {
    "mocha": {
      "version": "7.0.1"
    },
    "mochawesome": {
      "options": {
        "quiet": false,
        "reportFilename": "mochawesome",
        "saveHtml": false,
        "saveJson": true,
        "consoleReporter": "spec",
        "useInlineDiffs": false,
        "code": true
      },
      "version": "7.1.3"
    },
    "marge": {
      "options": {
        "reportDir": "cypress/results",
        "overwrite": false,
        "html": false,
        "json": true
      },
      "version": "6.2.0"
    }
  }
}