{
  "stats": {
    "suites": 1,
    "tests": 1,
    "passes": 1,
    "pending": 0,
    "failures": 0,
    "start": "2023-02-17T10:38:54.336Z",
    "end": "2023-02-17T10:38:55.008Z",
    "duration": 672,
    "testsRegistered": 1,
    "passPercent": 100,
    "pendingPercent": 0,
    "other": 0,
    "hasOther": false,
    "skipped": 0,
    "hasSkipped": false
  },
  "results": [
    {
      "uuid": "8524dbd2-8303-4810-823a-3f87210ffbcc",
      "title": "",
      "fullFile": "cypress/e2e/histogram.cy.ts",
      "file": "cypress/e2e/histogram.cy.ts",
      "beforeHooks": [],
      "afterHooks": [],
      "tests": [],
      "suites": [
        {
          "uuid": "7dd662ac-f3e0-4fab-832d-5571d60f4877",
          "title": "HISTOGRAM CANVAS",
          "fullFile": "",
          "file": "",
          "beforeHooks": [],
          "afterHooks": [],
          "tests": [
            {
              "title": "Unchanged raw canvas",
              "fullTitle": "HISTOGRAM CANVAS Unchanged raw canvas",
              "timedOut": null,
              "duration": 659,
              "state": "passed",
              "speed": "fast",
              "pass": true,
              "fail": false,
              "pending": false,
              "context": null,
              "code": "cy.compareSnapshot(fileName + \".raw\", 0.0);",
              "err": {},
              "uuid": "917b6a82-4f4a-4278-87df-614c59d00538",
              "parentUUID": "7dd662ac-f3e0-4fab-832d-5571d60f4877",
              "isHook": false,
              "skipped": false
            }
          ],
          "suites": [],
          "passes": [
            "917b6a82-4f4a-4278-87df-614c59d00538"
          ],
          "failures": [],
          "pending": [],
          "skipped": [],
          "duration": 659,
          "root": false,
          "rootEmpty": false,
          "_timeout": 2000
        }
      ],
      "passes": [],
      "failures": [],
      "pending": [],
      "skipped": [],
      "duration": 0,
      "root": true,
      "rootEmpty": true,
      "_timeout": 2000
    }
  ],
  "meta": {
    "mocha": {
      "version": "7.0.1"
    },
    "mochawesome": {
      "options": {
        "quiet": false,
        "reportFilename": "mochawesome",
        "saveHtml": true,
        "saveJson": true,
        "consoleReporter": "spec",
        "useInlineDiffs": false,
        "code": true
      },
      "version": "7.1.3"
    },
    "marge": {
      "options": {
        "reportDir": "cypress/results",
        "overwrite": false,
        "html": true,
        "json": true
      },
      "version": "6.2.0"
    }
  }
}