{
  "stats": {
    "suites": 1,
    "tests": 1,
    "passes": 1,
    "pending": 0,
    "failures": 0,
    "start": "2023-02-17T15:38:33.860Z",
    "end": "2023-02-17T15:38:34.324Z",
    "duration": 464,
    "testsRegistered": 1,
    "passPercent": 100,
    "pendingPercent": 0,
    "other": 0,
    "hasOther": false,
    "skipped": 0,
    "hasSkipped": false
  },
  "results": [
    {
      "uuid": "c3de18c7-2874-4ef7-8035-6c50ea1cad8c",
      "title": "",
      "fullFile": "cypress/e2e/primitivegroup.cy.ts",
      "file": "cypress/e2e/primitivegroup.cy.ts",
      "beforeHooks": [],
      "afterHooks": [],
      "tests": [],
      "suites": [
        {
          "uuid": "d036a58e-3651-434f-9004-c0cb84af6dbc",
          "title": "PLOT PRIMITIVE GROUP CANVAS",
          "fullFile": "",
          "file": "",
          "beforeHooks": [],
          "afterHooks": [],
          "tests": [
            {
              "title": "Unchanged raw canvas",
              "fullTitle": "PLOT PRIMITIVE GROUP CANVAS Unchanged raw canvas",
              "timedOut": null,
              "duration": 450,
              "state": "passed",
              "speed": "fast",
              "pass": true,
              "fail": false,
              "pending": false,
              "context": null,
              "code": "cy.compareSnapshot(fileName + \".raw\", 0.0);",
              "err": {},
              "uuid": "0e3608e2-6209-4c0e-9b50-29237786c482",
              "parentUUID": "d036a58e-3651-434f-9004-c0cb84af6dbc",
              "isHook": false,
              "skipped": false
            }
          ],
          "suites": [],
          "passes": [
            "0e3608e2-6209-4c0e-9b50-29237786c482"
          ],
          "failures": [],
          "pending": [],
          "skipped": [],
          "duration": 450,
          "root": false,
          "rootEmpty": false,
          "_timeout": 2000
        }
      ],
      "passes": [],
      "failures": [],
      "pending": [],
      "skipped": [],
      "duration": 0,
      "root": true,
      "rootEmpty": true,
      "_timeout": 2000
    }
  ],
  "meta": {
    "mocha": {
      "version": "7.0.1"
    },
    "mochawesome": {
      "options": {
        "quiet": false,
        "reportFilename": "mochawesome",
        "saveHtml": true,
        "saveJson": true,
        "consoleReporter": "spec",
        "useInlineDiffs": false,
        "code": true
      },
      "version": "7.1.3"
    },
    "marge": {
      "options": {
        "reportDir": "cypress/results",
        "overwrite": false,
        "html": true,
        "json": true
      },
      "version": "6.2.0"
    }
  }
}